desc: --massif-out-file=massif_outputs/massif_print_all_passwords.out
cmd: ../../../password-manager-master/pm -kf ../../password-manager-master/key.txt
time_unit: i
#-----------
snapshot=0
#-----------
time=0
mem_heap_B=0
mem_heap_extra_B=0
mem_stacks_B=0
heap_tree=empty
#-----------
snapshot=1
#-----------
time=208178
mem_heap_B=37
mem_heap_extra_B=19
mem_stacks_B=0
heap_tree=empty
#-----------
snapshot=2
#-----------
time=237323
mem_heap_B=1061
mem_heap_extra_B=27
mem_stacks_B=0
heap_tree=empty
#-----------
snapshot=3
#-----------
time=239531
mem_heap_B=1061
mem_heap_extra_B=27
mem_stacks_B=0
heap_tree=peak
n2: 1061 (heap allocation functions) malloc/new/new[], --alloc-fns, etc.
 n1: 1024 0x48FCD03: _IO_file_doallocate (filedoalloc.c:101)
  n1: 1024 0x490CECF: _IO_doallocbuf (genops.c:347)
   n1: 1024 0x490BF2F: _IO_file_overflow@@GLIBC_2.2.5 (fileops.c:745)
    n1: 1024 0x490A6B4: _IO_new_file_xsputn (fileops.c:1244)
     n1: 1024 0x490A6B4: _IO_file_xsputn@@GLIBC_2.2.5 (fileops.c:1197)
      n1: 1024 0x48FE3C0: fwrite (iofwrite.c:39)
       n1: 1024 0x110014: decrypt_and_print (pm_xcrypt.c:388)
        n1: 1024 0x10DC14: run (pm_parse.c:303)
         n0: 1024 0x489F082: (below main) (libc-start.c:308)
 n1: 37 0x10BB22: b64_decode (pm_b64.c:21)
  n1: 37 0x10FF72: decrypt_and_print (pm_xcrypt.c:371)
   n1: 37 0x10DC14: run (pm_parse.c:303)
    n0: 37 0x489F082: (below main) (libc-start.c:308)
#-----------
snapshot=4
#-----------
time=239531
mem_heap_B=1024
mem_heap_extra_B=8
mem_stacks_B=0
heap_tree=empty
#-----------
snapshot=5
#-----------
time=243409
mem_heap_B=0
mem_heap_extra_B=0
mem_stacks_B=0
heap_tree=empty
