desc: --massif-out-file=massif_outputs/massif_generate_password.out
cmd: ../../../password-manager-master/pm -kf ../../password-manager-master/key.txt -gp -c password_name
time_unit: i
#-----------
snapshot=0
#-----------
time=0
mem_heap_B=0
mem_heap_extra_B=0
mem_stacks_B=0
heap_tree=empty
#-----------
snapshot=1
#-----------
time=215091
mem_heap_B=21
mem_heap_extra_B=19
mem_stacks_B=0
heap_tree=empty
#-----------
snapshot=2
#-----------
time=223739
mem_heap_B=55
mem_heap_extra_B=41
mem_stacks_B=0
heap_tree=empty
#-----------
snapshot=3
#-----------
time=240454
mem_heap_B=104
mem_heap_extra_B=64
mem_stacks_B=0
heap_tree=empty
#-----------
snapshot=4
#-----------
time=241421
mem_heap_B=104
mem_heap_extra_B=64
mem_stacks_B=0
heap_tree=detailed
n3: 104 (heap allocation functions) malloc/new/new[], --alloc-fns, etc.
 n1: 49 0x10BE65: b64_encode (pm_b64.c:110)
  n1: 49 0x10F283: encrypt_and_replace (pm_xcrypt.c:130)
   n1: 49 0x10DB49: run (pm_parse.c:288)
    n0: 49 0x489F082: (below main) (libc-start.c:308)
 n1: 34 0x10F216: encrypt_and_replace (pm_xcrypt.c:121)
  n1: 34 0x10DB49: run (pm_parse.c:288)
   n0: 34 0x489F082: (below main) (libc-start.c:308)
 n1: 21 0x10DB02: run (pm_parse.c:281)
  n0: 21 0x489F082: (below main) (libc-start.c:308)
#-----------
snapshot=5
#-----------
time=241421
mem_heap_B=70
mem_heap_extra_B=42
mem_stacks_B=0
heap_tree=empty
#-----------
snapshot=6
#-----------
time=241451
mem_heap_B=21
mem_heap_extra_B=19
mem_stacks_B=0
heap_tree=empty
#-----------
snapshot=7
#-----------
time=241771
mem_heap_B=1045
mem_heap_extra_B=27
mem_stacks_B=0
heap_tree=empty
#-----------
snapshot=8
#-----------
time=243244
mem_heap_B=1045
mem_heap_extra_B=27
mem_stacks_B=0
heap_tree=peak
n3: 1045 (heap allocation functions) malloc/new/new[], --alloc-fns, etc.
 n1: 1024 0x48FCD03: _IO_file_doallocate (filedoalloc.c:101)
  n1: 1024 0x490CECF: _IO_doallocbuf (genops.c:347)
   n1: 1024 0x490BF2F: _IO_file_overflow@@GLIBC_2.2.5 (fileops.c:745)
    n1: 1024 0x490A6B4: _IO_new_file_xsputn (fileops.c:1244)
     n1: 1024 0x490A6B4: _IO_file_xsputn@@GLIBC_2.2.5 (fileops.c:1197)
      n1: 1024 0x48FE3C0: fwrite (iofwrite.c:39)
       n1: 1024 0x10CEBC: copy_to_clipboard (pm_io.c:367)
        n1: 1024 0x10DD90: run (pm_parse.c:292)
         n0: 1024 0x489F082: (below main) (libc-start.c:308)
 n1: 21 0x10DB02: run (pm_parse.c:281)
  n0: 21 0x489F082: (below main) (libc-start.c:308)
 n0: 0 in 2 places, all below massif's threshold (1.00%)
#-----------
snapshot=9
#-----------
time=243244
mem_heap_B=1024
mem_heap_extra_B=8
mem_stacks_B=0
heap_tree=empty
#-----------
snapshot=10
#-----------
time=246965
mem_heap_B=0
mem_heap_extra_B=0
mem_stacks_B=0
heap_tree=empty
